[2025-06-24 20:29:37] PDO Error: SQLSTATE[HY000] [1049] Unknown database 'cadastro'
[2025-06-25 00:38:15] PDO Error: SQLSTATE[HY000] [1049] Unknown database 'php'
[2025-06-25 00:38:50] PDO Error: SQLSTATE[HY000] [2002] Uma tentativa de conex√£o falhou porque o componente conectado n√£o respondeu
corretamente ap√≥s um per√≠odo de tempo ou a conex√£o estabelecida falhou
porque o host conectado n√£o respondeu
[2025-06-25 00:40:12] PDO Error: SQLSTATE[HY000] [2002] php_network_getaddresses: getaddrinfo for DESKTOP-EM04SP2 failed: Este host n„o È conhecido. 
[2025-06-26 01:40:47] PDO Error: SQLSTATE[HY000] [2002] php_network_getaddresses: getaddrinfo for DESKTOP-EM04SP2 failed: Este host n„o È conhecido. 
[2025-06-26 01:41:37] PDO Error: SQLSTATE[HY000] [2002] Uma tentativa de conex√£o falhou porque o componente conectado n√£o respondeu
corretamente ap√≥s um per√≠odo de tempo ou a conex√£o estabelecida falhou
porque o host conectado n√£o respondeu
[2025-06-26 01:52:29] PDO Error: SQLSTATE[HY000] [2002] Uma tentativa de conex√£o falhou porque o componente conectado n√£o respondeu
corretamente ap√≥s um per√≠odo de tempo ou a conex√£o estabelecida falhou
porque o host conectado n√£o respondeu
[2025-06-26 01:52:33] PDO Error: SQLSTATE[HY000] [2002] php_network_getaddresses: getaddrinfo for DB_MUKA failed: Este host n„o È conhecido. 
[2025-06-26 02:09:47] PDO Error: SQLSTATE[HY000] [1044] Access denied for user 'murillo'@'%' to database 'php'
[2025-06-26 02:10:10] PDO Error: SQLSTATE[HY000] [1049] Unknown database 'db_muka'
[2025-06-26 02:10:12] PDO Error: SQLSTATE[HY000] [1049] Unknown database 'db_muka'
[2025-06-26 02:10:13] PDO Error: SQLSTATE[HY000] [1049] Unknown database 'db_muka'
[2025-06-26 02:10:13] PDO Error: SQLSTATE[HY000] [1049] Unknown database 'db_muka'
[2025-06-26 02:11:09] PDO Error: SQLSTATE[HY000] [1049] Unknown database 'db_muka'
[2025-06-26 02:11:10] PDO Error: SQLSTATE[HY000] [1049] Unknown database 'db_muka'
[2025-06-26 02:11:10] PDO Error: SQLSTATE[HY000] [1049] Unknown database 'db_muka'
[2025-06-26 02:11:10] PDO Error: SQLSTATE[HY000] [1049] Unknown database 'db_muka'
[2025-06-26 02:11:10] PDO Error: SQLSTATE[HY000] [1049] Unknown database 'db_muka'
[2025-06-26 02:11:22] PDO Error: SQLSTATE[HY000] [1044] Access denied for user 'murillo'@'%' to database 'php'
[2025-06-26 02:11:23] PDO Error: SQLSTATE[HY000] [1044] Access denied for user 'murillo'@'%' to database 'php'
[2025-06-26 02:11:23] PDO Error: SQLSTATE[HY000] [1044] Access denied for user 'murillo'@'%' to database 'php'
[2025-06-26 02:11:23] PDO Error: SQLSTATE[HY000] [1044] Access denied for user 'murillo'@'%' to database 'php'
[2025-06-26 02:11:23] PDO Error: SQLSTATE[HY000] [1044] Access denied for user 'murillo'@'%' to database 'php'
[2025-06-26 02:11:23] PDO Error: SQLSTATE[HY000] [1044] Access denied for user 'murillo'@'%' to database 'php'
[2025-06-26 02:11:23] PDO Error: SQLSTATE[HY000] [1044] Access denied for user 'murillo'@'%' to database 'php'
[2025-08-08 22:23:51] PDO Error: SQLSTATE[HY000] [2002] Uma tentativa de conex√£o falhou porque o componente conectado n√£o respondeu
corretamente ap√≥s um per√≠odo de tempo ou a conex√£o estabelecida falhou
porque o host conectado n√£o respondeu
[2025-08-08 22:25:45] PDO Error: SQLSTATE[HY000] [2002] Uma tentativa de conex√£o falhou porque o componente conectado n√£o respondeu
corretamente ap√≥s um per√≠odo de tempo ou a conex√£o estabelecida falhou
porque o host conectado n√£o respondeu
[2025-08-08 22:26:26] PDO Error: SQLSTATE[HY000] [2002] Uma tentativa de conex√£o falhou porque o componente conectado n√£o respondeu
corretamente ap√≥s um per√≠odo de tempo ou a conex√£o estabelecida falhou
porque o host conectado n√£o respondeu
[2025-08-08 22:44:06] PDO Error: SQLSTATE[HY000] [2002] Uma tentativa de conex√£o falhou porque o componente conectado n√£o respondeu
corretamente ap√≥s um per√≠odo de tempo ou a conex√£o estabelecida falhou
porque o host conectado n√£o respondeu
[2025-08-08 22:45:57] PDO Error: SQLSTATE[HY000] [2002] Uma tentativa de conex√£o falhou porque o componente conectado n√£o respondeu
corretamente ap√≥s um per√≠odo de tempo ou a conex√£o estabelecida falhou
porque o host conectado n√£o respondeu
[2025-08-08 23:36:04] PDO Error: SQLSTATE[HY000] [2002] Uma tentativa de conex√£o falhou porque o componente conectado n√£o respondeu
corretamente ap√≥s um per√≠odo de tempo ou a conex√£o estabelecida falhou
porque o host conectado n√£o respondeu
[2025-08-08 23:36:48] PDO Error: SQLSTATE[HY000] [2002] Uma tentativa de conex√£o falhou porque o componente conectado n√£o respondeu
corretamente ap√≥s um per√≠odo de tempo ou a conex√£o estabelecida falhou
porque o host conectado n√£o respondeu
[2025-08-08 23:37:09] PDO Error: SQLSTATE[HY000] [2002] Uma tentativa de conex√£o falhou porque o componente conectado n√£o respondeu
corretamente ap√≥s um per√≠odo de tempo ou a conex√£o estabelecida falhou
porque o host conectado n√£o respondeu
[2025-08-08 23:40:52] PDO Error: SQLSTATE[HY000] [2002] Uma conex√£o estabelecida foi anulada pelo software no computador host
[2025-08-08 23:51:47] PDO Error: SQLSTATE[HY000] [2002] Uma opera√ß√£o de soquete foi tentada em uma rede inacess√≠vel
[2025-08-09 13:44:14] PDO Error: SQLSTATE[HY000] [2002] Uma tentativa de conex√£o falhou porque o componente conectado n√£o respondeu
corretamente ap√≥s um per√≠odo de tempo ou a conex√£o estabelecida falhou
porque o host conectado n√£o respondeu
[2025-08-09 13:44:39] PDO Error: SQLSTATE[HY000] [2002] Uma tentativa de conex√£o falhou porque o componente conectado n√£o respondeu
corretamente ap√≥s um per√≠odo de tempo ou a conex√£o estabelecida falhou
porque o host conectado n√£o respondeu
[2025-08-09 13:45:00] PDO Error: SQLSTATE[HY000] [2002] Uma tentativa de conex√£o falhou porque o componente conectado n√£o respondeu
corretamente ap√≥s um per√≠odo de tempo ou a conex√£o estabelecida falhou
porque o host conectado n√£o respondeu
[2025-08-09 13:45:52] PDO Error: SQLSTATE[HY000] [2002] Uma tentativa de conex√£o falhou porque o componente conectado n√£o respondeu
corretamente ap√≥s um per√≠odo de tempo ou a conex√£o estabelecida falhou
porque o host conectado n√£o respondeu
[2025-08-09 13:51:14] PDO Error: SQLSTATE[HY000] [2002] Uma tentativa de conex√£o falhou porque o componente conectado n√£o respondeu
corretamente ap√≥s um per√≠odo de tempo ou a conex√£o estabelecida falhou
porque o host conectado n√£o respondeu
[2025-08-09 13:54:33] PDO Error: SQLSTATE[HY000] [2002] Uma tentativa de conex√£o falhou porque o componente conectado n√£o respondeu
corretamente ap√≥s um per√≠odo de tempo ou a conex√£o estabelecida falhou
porque o host conectado n√£o respondeu
[2025-08-12 00:52:03] PDO Error: SQLSTATE[HY000] [2002] Uma tentativa de conex√£o falhou porque o componente conectado n√£o respondeu
corretamente ap√≥s um per√≠odo de tempo ou a conex√£o estabelecida falhou
porque o host conectado n√£o respondeu
[2025-08-12 00:52:40] PDO Error: SQLSTATE[HY000] [2002] Uma tentativa de conex√£o falhou porque o componente conectado n√£o respondeu
corretamente ap√≥s um per√≠odo de tempo ou a conex√£o estabelecida falhou
porque o host conectado n√£o respondeu
[2025-08-12 00:54:37] PDO Error: SQLSTATE[HY000] [2002] Uma tentativa de conex√£o falhou porque o componente conectado n√£o respondeu
corretamente ap√≥s um per√≠odo de tempo ou a conex√£o estabelecida falhou
porque o host conectado n√£o respondeu
[2025-08-12 16:48:30] PDO Error: SQLSTATE[HY000] [2002] Uma tentativa de conex√£o falhou porque o componente conectado n√£o respondeu
corretamente ap√≥s um per√≠odo de tempo ou a conex√£o estabelecida falhou
porque o host conectado n√£o respondeu
[2025-08-12 16:50:50] PDO Error: SQLSTATE[HY000] [2002] Uma tentativa de conex√£o falhou porque o componente conectado n√£o respondeu
corretamente ap√≥s um per√≠odo de tempo ou a conex√£o estabelecida falhou
porque o host conectado n√£o respondeu
[2025-08-13 00:08:33] PDO Error: SQLSTATE[HY000] [2002] Uma tentativa de conex√£o falhou porque o componente conectado n√£o respondeu
corretamente ap√≥s um per√≠odo de tempo ou a conex√£o estabelecida falhou
porque o host conectado n√£o respondeu
[2025-08-13 00:09:58] PDO Error: SQLSTATE[HY000] [2002] Uma tentativa de conex√£o falhou porque o componente conectado n√£o respondeu
corretamente ap√≥s um per√≠odo de tempo ou a conex√£o estabelecida falhou
porque o host conectado n√£o respondeu
[2025-08-13 00:10:35] PDO Error: SQLSTATE[HY000] [2002] Uma tentativa de conex√£o falhou porque o componente conectado n√£o respondeu
corretamente ap√≥s um per√≠odo de tempo ou a conex√£o estabelecida falhou
porque o host conectado n√£o respondeu
[2025-08-13 00:11:45] PDO Error: SQLSTATE[HY000] [2002] Uma tentativa de conex√£o falhou porque o componente conectado n√£o respondeu
corretamente ap√≥s um per√≠odo de tempo ou a conex√£o estabelecida falhou
porque o host conectado n√£o respondeu
[2025-08-13 00:12:37] PDO Error: SQLSTATE[HY000] [2002] Uma tentativa de conex√£o falhou porque o componente conectado n√£o respondeu
corretamente ap√≥s um per√≠odo de tempo ou a conex√£o estabelecida falhou
porque o host conectado n√£o respondeu
[2025-08-13 00:15:25] PDO Error: SQLSTATE[HY000] [2002] Uma tentativa de conex√£o falhou porque o componente conectado n√£o respondeu
corretamente ap√≥s um per√≠odo de tempo ou a conex√£o estabelecida falhou
porque o host conectado n√£o respondeu
